<?xml version="1.0" encoding="UTF-8"?>
<!-- Generated by org.testng.reporters.JUnitReportReporter -->
<testsuite hostname="Bharath" failures="0" tests="6" name="testng.framework.concepts.ApplicationTest" time="0.039" errors="0" timestamp="2025-08-24T10:22:58 IST" skipped="0">
  <testcase classname="testng.framework.concepts.ApplicationTest" name="TestCase4" time="0.009"/>
  <system-out/>
  <testcase classname="testng.framework.concepts.ApplicationTest" name="TestCase3" time="0.006"/>
  <system-out/>
  <testcase classname="testng.framework.concepts.ApplicationTest" name="TestCase3" time="0.001"/>
  <system-out/>
  <testcase classname="testng.framework.concepts.ApplicationTest" name="TestCase2" time="0.009"/>
  <system-out/>
  <testcase classname="testng.framework.concepts.ApplicationTest" name="TestCase2" time="0.002"/>
  <system-out/>
  <testcase classname="testng.framework.concepts.ApplicationTest" name="TestCase1" time="0.012"/>
  <system-out/>
</testsuite> <!-- testng.framework.concepts.ApplicationTest -->
